1 systemd
2 kthreadd
3 rcu_gp
4 rcu_par_gp
6 kworker/0:0H-kblockd
8 mm_percpu_wq
9 ksoftirqd/0
10 rcu_sched
11 migration/0
12 watchdog/0
13 cpuhp/0
15 kdevtmpfs
16 netns
17 kauditd
18 khungtaskd
19 oom_reaper
20 writeback
21 kcompactd0
22 ksmd
23 khugepaged
24 crypto
25 kintegrityd
26 kblockd
27 tpm_dev_wq
28 md
29 edac-poller
30 watchdogd
49 kswapd0
142 kthrotld
143 acpi_thermal_pm
144 kmpath_rdacd
145 kaluad
146 ipv6_addrconf
147 kstrp
436 ata_sff
439 scsi_eh_0
440 scsi_tmf_0
441 scsi_eh_1
442 scsi_tmf_1
444 scsi_eh_2
445 scsi_tmf_2
449 kworker/0:1H-kblockd
509 kdmflush
518 kdmflush
553 jbd2/dm-0-8
554 ext4-rsv-conver
643 systemd-journal
669 systemd-udevd
721 kdmflush
727 irq/18-vmwgfx
729 ttm_swap
750 jbd2/sda1-8
751 ext4-rsv-conver
756 xfsalloc
758 xfs_mru_cache
759 xfs-buf/dm-2
761 xfs-conv/dm-2
762 xfs-cil/dm-2
763 xfs-reclaim/dm-
764 xfs-log/dm-2
765 xfs-eofblocks/d
766 xfsaild/dm-2
790 auditd
806 rpciod
807 kworker/u3:0
809 xprtiod
819 ModemManager
821 sssd
823 smartd
838 gssproxy
854 sssd_be
857 firewalld
858 sssd_nss
860 systemd-logind
872 NetworkManager
882 tuned
884 sshd
1106 atd
1108 crond
1477 kworker/0:1-xfs-cil/dm-2
1554 kworker/0:3-cgroup_destroy
1566 kworker/u2:2-flush-253:2
1773 kworker/0:0-events
1825 kworker/0:2-cgroup_destroy
1832 kworker/0:4-ata_sff
1838 kworker/u2:1-events_unbound
1907 kworker/0:5-events_power_efficient
1954 login
1962 kworker/0:6-events
1969 systemd
1974 (sd-pam)
1980 bash
2018 task1
2019 task1
2020 ps
2021 tail
2022 awk
Amount of processes 97
